# JRE version: Java(TM) SE Runtime Environment (8.0_201-b09) (build 1.8.0_201-b09)
# Java VM: Java HotSpot(TM) 64-Bit Server VM (25.201-b09 mixed mode linux-amd64 compressed oops)
Heap:
 PSYoungGen      total 259584K, used 45537K [0x00000000e0000000, 0x00000000f3480000, 0x0000000100000000)
  eden space 214016K, 0% used [0x00000000e0000000,0x00000000e0000000,0x00000000ed100000)
  from space 45568K, 99% used [0x00000000ed100000,0x00000000efd78718,0x00000000efd80000)
  to   space 36352K, 0% used [0x00000000efd80000,0x00000000efd80000,0x00000000f2100000)
 ParOldGen       total 229888K, used 60303K [0x00000000a0000000, 0x00000000ae080000, 0x00000000e0000000)
  object space 229888K, 26% used [0x00000000a0000000,0x00000000a3ae3f70,0x00000000ae080000)
 Metaspace       used 88619K, capacity 99945K, committed 100096K, reserved 1136640K
  class space    used 12069K, capacity 12738K, committed 12800K, reserved 1048576K
GC Heap History (10 events):
Event: 9.618 GC heap after
Heap after GC invocations=11 (full 4):
 PSYoungGen      total 136704K, used 0K [0x00000000e0000000, 0x00000000ec600000, 0x0000000100000000)
  eden space 117248K, 0% used [0x00000000e0000000,0x00000000e0000000,0x00000000e7280000)
  from space 19456K, 0% used [0x00000000e7280000,0x00000000e7280000,0x00000000e8580000)
  to   space 20480K, 0% used [0x00000000eb200000,0x00000000eb200000,0x00000000ec600000)
 ParOldGen       total 229888K, used 19551K [0x00000000a0000000, 0x00000000ae080000, 0x00000000e0000000)
  object space 229888K, 8% used [0x00000000a0000000,0x00000000a1317cf0,0x00000000ae080000)
 Metaspace       used 54042K, capacity 60796K, committed 61056K, reserved 1101824K
  class space    used 8115K, capacity 8558K, committed 8576K, reserved 1048576K
}
Event: 9.620 GC heap before
{Heap before GC invocations=12 (full 4):
 PSYoungGen      total 136704K, used 1323K [0x00000000e0000000, 0x00000000ec600000, 0x0000000100000000)
  eden space 117248K, 1% used [0x00000000e0000000,0x00000000e014aea0,0x00000000e7280000)
  from space 19456K, 0% used [0x00000000e7280000,0x00000000e7280000,0x00000000e8580000)
  to   space 20480K, 0% used [0x00000000eb200000,0x00000000eb200000,0x00000000ec600000)
 ParOldGen       total 229888K, used 19551K [0x00000000a0000000, 0x00000000ae080000, 0x00000000e0000000)
  object space 229888K, 8% used [0x00000000a0000000,0x00000000a1317cf0,0x00000000ae080000)
 Metaspace       used 54046K, capacity 60796K, committed 61056K, reserved 1101824K
  class space    used 8116K, capacity 8558K, committed 8576K, reserved 1048576K
Event: 9.621 GC heap after
Heap after GC invocations=12 (full 4):
 PSYoungGen      total 181760K, used 96K [0x00000000e0000000, 0x00000000ec700000, 0x0000000100000000)
  eden space 161280K, 0% used [0x00000000e0000000,0x00000000e0000000,0x00000000e9d80000)
  from space 20480K, 0% used [0x00000000eb200000,0x00000000eb218000,0x00000000ec600000)
  to   space 20992K, 0% used [0x00000000e9d80000,0x00000000e9d80000,0x00000000eb200000)
 ParOldGen       total 229888K, used 19551K [0x00000000a0000000, 0x00000000ae080000, 0x00000000e0000000)
  object space 229888K, 8% used [0x00000000a0000000,0x00000000a1317cf0,0x00000000ae080000)
 Metaspace       used 54046K, capacity 60796K, committed 61056K, reserved 1101824K
  class space    used 8116K, capacity 8558K, committed 8576K, reserved 1048576K
}
Event: 9.621 GC heap before
{Heap before GC invocations=13 (full 5):
 PSYoungGen      total 181760K, used 96K [0x00000000e0000000, 0x00000000ec700000, 0x0000000100000000)
  eden space 161280K, 0% used [0x00000000e0000000,0x00000000e0000000,0x00000000e9d80000)
  from space 20480K, 0% used [0x00000000eb200000,0x00000000eb218000,0x00000000ec600000)
  to   space 20992K, 0% used [0x00000000e9d80000,0x00000000e9d80000,0x00000000eb200000)
 ParOldGen       total 229888K, used 19551K [0x00000000a0000000, 0x00000000ae080000, 0x00000000e0000000)
  object space 229888K, 8% used [0x00000000a0000000,0x00000000a1317cf0,0x00000000ae080000)
 Metaspace       used 54046K, capacity 60796K, committed 61056K, reserved 1101824K
  class space    used 8116K, capacity 8558K, committed 8576K, reserved 1048576K
Event: 9.745 GC heap after
Heap after GC invocations=13 (full 5):
 PSYoungGen      total 181760K, used 0K [0x00000000e0000000, 0x00000000ec700000, 0x0000000100000000)
  eden space 161280K, 0% used [0x00000000e0000000,0x00000000e0000000,0x00000000e9d80000)
  from space 20480K, 0% used [0x00000000eb200000,0x00000000eb200000,0x00000000ec600000)
  to   space 20992K, 0% used [0x00000000e9d80000,0x00000000e9d80000,0x00000000eb200000)
 ParOldGen       total 229888K, used 18550K [0x00000000a0000000, 0x00000000ae080000, 0x00000000e0000000)
  object space 229888K, 8% used [0x00000000a0000000,0x00000000a121d860,0x00000000ae080000)
 Metaspace       used 54046K, capacity 60796K, committed 61056K, reserved 1101824K
  class space    used 8116K, capacity 8558K, committed 8576K, reserved 1048576K
}
Event: 13.461 GC heap before
{Heap before GC invocations=14 (full 5):
 PSYoungGen      total 181760K, used 161280K [0x00000000e0000000, 0x00000000ec700000, 0x0000000100000000)
  eden space 161280K, 100% used [0x00000000e0000000,0x00000000e9d80000,0x00000000e9d80000)
  from space 20480K, 0% used [0x00000000eb200000,0x00000000eb200000,0x00000000ec600000)
  to   space 20992K, 0% used [0x00000000e9d80000,0x00000000e9d80000,0x00000000eb200000)
 ParOldGen       total 229888K, used 18550K [0x00000000a0000000, 0x00000000ae080000, 0x00000000e0000000)
  object space 229888K, 8% used [0x00000000a0000000,0x00000000a121d860,0x00000000ae080000)
 Metaspace       used 70284K, capacity 79209K, committed 79360K, reserved 1118208K
  class space    used 9948K, capacity 10477K, committed 10496K, reserved 1048576K
Event: 13.521 GC heap after
Heap after GC invocations=14 (full 5):
 PSYoungGen      total 182272K, used 20985K [0x00000000e0000000, 0x00000000f2100000, 0x0000000100000000)
  eden space 161280K, 0% used [0x00000000e0000000,0x00000000e0000000,0x00000000e9d80000)
  from space 20992K, 99% used [0x00000000e9d80000,0x00000000eb1fe710,0x00000000eb200000)
  to   space 36352K, 0% used [0x00000000efd80000,0x00000000efd80000,0x00000000f2100000)
 ParOldGen       total 229888K, used 47170K [0x00000000a0000000, 0x00000000ae080000, 0x00000000e0000000)
  object space 229888K, 20% used [0x00000000a0000000,0x00000000a2e10ad0,0x00000000ae080000)
 Metaspace       used 70284K, capacity 79209K, committed 79360K, reserved 1118208K
  class space    used 9948K, capacity 10477K, committed 10496K, reserved 1048576K
}
Event: 16.998 GC heap before
{Heap before GC invocations=15 (full 5):
 PSYoungGen      total 182272K, used 182265K [0x00000000e0000000, 0x00000000f2100000, 0x0000000100000000)
  eden space 161280K, 100% used [0x00000000e0000000,0x00000000e9d80000,0x00000000e9d80000)
  from space 20992K, 99% used [0x00000000e9d80000,0x00000000eb1fe710,0x00000000eb200000)
  to   space 36352K, 0% used [0x00000000efd80000,0x00000000efd80000,0x00000000f2100000)
 ParOldGen       total 229888K, used 47170K [0x00000000a0000000, 0x00000000ae080000, 0x00000000e0000000)
  object space 229888K, 20% used [0x00000000a0000000,0x00000000a2e10ad0,0x00000000ae080000)
 Metaspace       used 76422K, capacity 86683K, committed 86912K, reserved 1124352K
  class space    used 10696K, capacity 11293K, committed 11392K, reserved 1048576K
Event: 17.059 GC heap after
Heap after GC invocations=15 (full 5):
 PSYoungGen      total 250368K, used 36322K [0x00000000e0000000, 0x00000000f3480000, 0x0000000100000000)
  eden space 214016K, 0% used [0x00000000e0000000,0x00000000e0000000,0x00000000ed100000)
  from space 36352K, 99% used [0x00000000efd80000,0x00000000f20f88e8,0x00000000f2100000)
  to   space 45568K, 0% used [0x00000000ed100000,0x00000000ed100000,0x00000000efd80000)
 ParOldGen       total 229888K, used 55359K [0x00000000a0000000, 0x00000000ae080000, 0x00000000e0000000)
  object space 229888K, 24% used [0x00000000a0000000,0x00000000a360ff48,0x00000000ae080000)
 Metaspace       used 76422K, capacity 86683K, committed 86912K, reserved 1124352K
  class space    used 10696K, capacity 11293K, committed 11392K, reserved 1048576K
}
Event: 22.602 GC heap before
{Heap before GC invocations=16 (full 5):
 PSYoungGen      total 250368K, used 250338K [0x00000000e0000000, 0x00000000f3480000, 0x0000000100000000)
  eden space 214016K, 100% used [0x00000000e0000000,0x00000000ed100000,0x00000000ed100000)
  from space 36352K, 99% used [0x00000000efd80000,0x00000000f20f88e8,0x00000000f2100000)
  to   space 45568K, 0% used [0x00000000ed100000,0x00000000ed100000,0x00000000efd80000)
 ParOldGen       total 229888K, used 55359K [0x00000000a0000000, 0x00000000ae080000, 0x00000000e0000000)
  object space 229888K, 24% used [0x00000000a0000000,0x00000000a360ff48,0x00000000ae080000)
 Metaspace       used 88619K, capacity 99945K, committed 100096K, reserved 1136640K
  class space    used 12069K, capacity 12738K, committed 12800K, reserved 1048576K

