# JRE version: Java(TM) SE Runtime Environment (8.0_201-b09) (build 1.8.0_201-b09)
# Java VM: Java HotSpot(TM) 64-Bit Server VM (25.201-b09 mixed mode linux-amd64 compressed oops)
Heap:
 PSYoungGen      total 250880K, used 20991K [0x00000000e0000000, 0x00000000f0a00000, 0x0000000100000000)
  eden space 229888K, 0% used [0x00000000e0000000,0x00000000e0000000,0x00000000ee080000)
  from space 20992K, 99% used [0x00000000ee080000,0x00000000ef4ffca0,0x00000000ef500000)
  to   space 20480K, 0% used [0x00000000ef500000,0x00000000ef500000,0x00000000f0900000)
 ParOldGen       total 178688K, used 51082K [0x00000000a0000000, 0x00000000aae80000, 0x00000000e0000000)
  object space 178688K, 28% used [0x00000000a0000000,0x00000000a31e2940,0x00000000aae80000)
 Metaspace       used 73871K, capacity 83489K, committed 83712K, reserved 1122304K
  class space    used 10393K, capacity 10969K, committed 11008K, reserved 1048576K
GC Heap History (10 events):
Event: 11.954 GC heap after
Heap after GC invocations=9 (full 3):
 PSYoungGen      total 167424K, used 0K [0x00000000e0000000, 0x00000000ec000000, 0x0000000100000000)
  eden space 147968K, 0% used [0x00000000e0000000,0x00000000e0000000,0x00000000e9080000)
  from space 19456K, 0% used [0x00000000ea380000,0x00000000ea380000,0x00000000eb680000)
  to   space 19456K, 0% used [0x00000000e9080000,0x00000000e9080000,0x00000000ea380000)
 ParOldGen       total 178688K, used 19524K [0x00000000a0000000, 0x00000000aae80000, 0x00000000e0000000)
  object space 178688K, 10% used [0x00000000a0000000,0x00000000a1311060,0x00000000aae80000)
 Metaspace       used 52494K, capacity 58790K, committed 59008K, reserved 1099776K
  class space    used 7839K, capacity 8266K, committed 8320K, reserved 1048576K
}
Event: 12.437 GC heap before
{Heap before GC invocations=10 (full 3):
 PSYoungGen      total 167424K, used 18306K [0x00000000e0000000, 0x00000000ec000000, 0x0000000100000000)
  eden space 147968K, 12% used [0x00000000e0000000,0x00000000e11e08e8,0x00000000e9080000)
  from space 19456K, 0% used [0x00000000ea380000,0x00000000ea380000,0x00000000eb680000)
  to   space 19456K, 0% used [0x00000000e9080000,0x00000000e9080000,0x00000000ea380000)
 ParOldGen       total 178688K, used 19524K [0x00000000a0000000, 0x00000000aae80000, 0x00000000e0000000)
  object space 178688K, 10% used [0x00000000a0000000,0x00000000a1311060,0x00000000aae80000)
 Metaspace       used 54114K, capacity 60866K, committed 61056K, reserved 1101824K
  class space    used 8126K, capacity 8569K, committed 8576K, reserved 1048576K
Event: 12.440 GC heap after
Heap after GC invocations=10 (full 3):
 PSYoungGen      total 167424K, used 1822K [0x00000000e0000000, 0x00000000f0900000, 0x0000000100000000)
  eden space 147968K, 0% used [0x00000000e0000000,0x00000000e0000000,0x00000000e9080000)
  from space 19456K, 9% used [0x00000000e9080000,0x00000000e9247b10,0x00000000ea380000)
  to   space 20480K, 0% used [0x00000000ef500000,0x00000000ef500000,0x00000000f0900000)
 ParOldGen       total 178688K, used 19532K [0x00000000a0000000, 0x00000000aae80000, 0x00000000e0000000)
  object space 178688K, 10% used [0x00000000a0000000,0x00000000a1313060,0x00000000aae80000)
 Metaspace       used 54114K, capacity 60866K, committed 61056K, reserved 1101824K
  class space    used 8126K, capacity 8569K, committed 8576K, reserved 1048576K
}
Event: 12.440 GC heap before
{Heap before GC invocations=11 (full 4):
 PSYoungGen      total 167424K, used 1822K [0x00000000e0000000, 0x00000000f0900000, 0x0000000100000000)
  eden space 147968K, 0% used [0x00000000e0000000,0x00000000e0000000,0x00000000e9080000)
  from space 19456K, 9% used [0x00000000e9080000,0x00000000e9247b10,0x00000000ea380000)
  to   space 20480K, 0% used [0x00000000ef500000,0x00000000ef500000,0x00000000f0900000)
 ParOldGen       total 178688K, used 19532K [0x00000000a0000000, 0x00000000aae80000, 0x00000000e0000000)
  object space 178688K, 10% used [0x00000000a0000000,0x00000000a1313060,0x00000000aae80000)
 Metaspace       used 54114K, capacity 60866K, committed 61056K, reserved 1101824K
  class space    used 8126K, capacity 8569K, committed 8576K, reserved 1048576K
Event: 12.669 GC heap after
Heap after GC invocations=11 (full 4):
 PSYoungGen      total 167424K, used 0K [0x00000000e0000000, 0x00000000f0900000, 0x0000000100000000)
  eden space 147968K, 0% used [0x00000000e0000000,0x00000000e0000000,0x00000000e9080000)
  from space 19456K, 0% used [0x00000000e9080000,0x00000000e9080000,0x00000000ea380000)
  to   space 20480K, 0% used [0x00000000ef500000,0x00000000ef500000,0x00000000f0900000)
 ParOldGen       total 178688K, used 19570K [0x00000000a0000000, 0x00000000aae80000, 0x00000000e0000000)
  object space 178688K, 10% used [0x00000000a0000000,0x00000000a131ca40,0x00000000aae80000)
 Metaspace       used 54086K, capacity 60800K, committed 61056K, reserved 1101824K
  class space    used 8117K, capacity 8558K, committed 8576K, reserved 1048576K
}
Event: 12.671 GC heap before
{Heap before GC invocations=12 (full 4):
 PSYoungGen      total 167424K, used 1638K [0x00000000e0000000, 0x00000000f0900000, 0x0000000100000000)
  eden space 147968K, 1% used [0x00000000e0000000,0x00000000e0199990,0x00000000e9080000)
  from space 19456K, 0% used [0x00000000e9080000,0x00000000e9080000,0x00000000ea380000)
  to   space 20480K, 0% used [0x00000000ef500000,0x00000000ef500000,0x00000000f0900000)
 ParOldGen       total 178688K, used 19570K [0x00000000a0000000, 0x00000000aae80000, 0x00000000e0000000)
  object space 178688K, 10% used [0x00000000a0000000,0x00000000a131ca40,0x00000000aae80000)
 Metaspace       used 54090K, capacity 60800K, committed 61056K, reserved 1101824K
  class space    used 8118K, capacity 8558K, committed 8576K, reserved 1048576K
Event: 12.672 GC heap after
Heap after GC invocations=12 (full 4):
 PSYoungGen      total 250368K, used 96K [0x00000000e0000000, 0x00000000f0a00000, 0x0000000100000000)
  eden space 229888K, 0% used [0x00000000e0000000,0x00000000e0000000,0x00000000ee080000)
  from space 20480K, 0% used [0x00000000ef500000,0x00000000ef518000,0x00000000f0900000)
  to   space 20992K, 0% used [0x00000000ee080000,0x00000000ee080000,0x00000000ef500000)
 ParOldGen       total 178688K, used 19570K [0x00000000a0000000, 0x00000000aae80000, 0x00000000e0000000)
  object space 178688K, 10% used [0x00000000a0000000,0x00000000a131ca40,0x00000000aae80000)
 Metaspace       used 54090K, capacity 60800K, committed 61056K, reserved 1101824K
  class space    used 8118K, capacity 8558K, committed 8576K, reserved 1048576K
}
Event: 12.672 GC heap before
{Heap before GC invocations=13 (full 5):
 PSYoungGen      total 250368K, used 96K [0x00000000e0000000, 0x00000000f0a00000, 0x0000000100000000)
  eden space 229888K, 0% used [0x00000000e0000000,0x00000000e0000000,0x00000000ee080000)
  from space 20480K, 0% used [0x00000000ef500000,0x00000000ef518000,0x00000000f0900000)
  to   space 20992K, 0% used [0x00000000ee080000,0x00000000ee080000,0x00000000ef500000)
 ParOldGen       total 178688K, used 19570K [0x00000000a0000000, 0x00000000aae80000, 0x00000000e0000000)
  object space 178688K, 10% used [0x00000000a0000000,0x00000000a131ca40,0x00000000aae80000)
 Metaspace       used 54090K, capacity 60800K, committed 61056K, reserved 1101824K
  class space    used 8118K, capacity 8558K, committed 8576K, reserved 1048576K
Event: 12.822 GC heap after
Heap after GC invocations=13 (full 5):
 PSYoungGen      total 250368K, used 0K [0x00000000e0000000, 0x00000000f0a00000, 0x0000000100000000)
  eden space 229888K, 0% used [0x00000000e0000000,0x00000000e0000000,0x00000000ee080000)
  from space 20480K, 0% used [0x00000000ef500000,0x00000000ef500000,0x00000000f0900000)
  to   space 20992K, 0% used [0x00000000ee080000,0x00000000ee080000,0x00000000ef500000)
 ParOldGen       total 178688K, used 18565K [0x00000000a0000000, 0x00000000aae80000, 0x00000000e0000000)
  object space 178688K, 10% used [0x00000000a0000000,0x00000000a1221408,0x00000000aae80000)
 Metaspace       used 54090K, capacity 60800K, committed 61056K, reserved 1101824K
  class space    used 8118K, capacity 8558K, committed 8576K, reserved 1048576K
}
Event: 19.773 GC heap before
{Heap before GC invocations=14 (full 5):
 PSYoungGen      total 250368K, used 229809K [0x00000000e0000000, 0x00000000f0a00000, 0x0000000100000000)
  eden space 229888K, 99% used [0x00000000e0000000,0x00000000ee06c508,0x00000000ee080000)
  from space 20480K, 0% used [0x00000000ef500000,0x00000000ef500000,0x00000000f0900000)
  to   space 20992K, 0% used [0x00000000ee080000,0x00000000ee080000,0x00000000ef500000)
 ParOldGen       total 178688K, used 18565K [0x00000000a0000000, 0x00000000aae80000, 0x00000000e0000000)
  object space 178688K, 10% used [0x00000000a0000000,0x00000000a1221408,0x00000000aae80000)
 Metaspace       used 73871K, capacity 83489K, committed 83712K, reserved 1122304K
  class space    used 10393K, capacity 10969K, committed 11008K, reserved 1048576K

